
> kalokagathia@0.0.0 build
> npm run typecheck && vite build


> kalokagathia@0.0.0 typecheck
> tsc --noEmit

[36mvite v6.4.1 [32mbuilding for production...[36m[39m
transforming...
[32m✓[39m 2468 modules transformed.
rendering chunks...
computing gzip size...
[2mdist/[22m[32mindex.html                                 [39m[1m[2m  1.91 kB[22m[1m[22m[2m │ gzip:   0.70 kB[22m
[2mdist/[22m[2massets/[22m[32mparticleDataWorker-Co7eh6HD.js      [39m[1m[2m317.38 kB[22m[1m[22m
[2mdist/[22m[2massets/[22m[35mindex-CxlN7KAK.css                  [39m[1m[2m 55.90 kB[22m[1m[22m[2m │ gzip:   9.09 kB[22m
[2mdist/[22m[2massets/[22m[36mr3f-utils-CTMO063R.js               [39m[1m[2m  5.06 kB[22m[1m[22m[2m │ gzip:   2.18 kB[22m
[2mdist/[22m[2massets/[22m[36mscene-gpgpu--xN8mpx6.js             [39m[1m[2m 71.74 kB[22m[1m[22m[2m │ gzip:  18.23 kB[22m
[2mdist/[22m[2massets/[22m[36mvendor-CPFBa1pW.js                  [39m[1m[2m 97.39 kB[22m[1m[22m[2m │ gzip:  30.23 kB[22m
[2mdist/[22m[2massets/[22m[36mr3f-drei-yyIFBCIS.js                [39m[1m[2m124.61 kB[22m[1m[22m[2m │ gzip:  31.22 kB[22m
[2mdist/[22m[2massets/[22m[36mr3f-fiber-CFtyjKqK.js               [39m[1m[2m125.71 kB[22m[1m[22m[2m │ gzip:  41.00 kB[22m
[2mdist/[22m[2massets/[22m[36mscene-surface-families-hogEgexv.js  [39m[1m[2m169.28 kB[22m[1m[22m[2m │ gzip:  43.27 kB[22m
[2mdist/[22m[2massets/[22m[36mreact-vendor-BPHjN4FN.js            [39m[1m[2m178.50 kB[22m[1m[22m[2m │ gzip:  53.03 kB[22m
[2mdist/[22m[2massets/[22m[36mscene-core-families-COB0V8U4.js     [39m[1m[2m191.96 kB[22m[1m[22m[2m │ gzip:  45.73 kB[22m
[2mdist/[22m[2massets/[22m[36mstarter-library-data-B0CBr1ai.js    [39m[1m[2m226.58 kB[22m[1m[22m[2m │ gzip:  28.59 kB[22m
[2mdist/[22m[2massets/[22m[36mdepiction-catalog-B8e6VC9t.js       [39m[1m[2m327.00 kB[22m[1m[22m[2m │ gzip:  74.41 kB[22m
[2mdist/[22m[2massets/[22m[36mindex-DBOT5kv7.js                   [39m[1m[2m430.96 kB[22m[1m[22m[2m │ gzip:  94.29 kB[22m
[2mdist/[22m[2massets/[22m[36mthree-core-BbVy3ccf.js              [39m[1m[2m675.03 kB[22m[1m[22m[2m │ gzip: 175.00 kB[22m
[32m✓ built in 20.06s[39m
