
> kalokagathia@0.0.0 build
> npm run typecheck && vite build


> kalokagathia@0.0.0 typecheck
> tsc --noEmit

[36mvite v6.4.1 [32mbuilding for production...[36m[39m
transforming...
[32m✓[39m 2449 modules transformed.
rendering chunks...
computing gzip size...
[2mdist/[22m[32mindex.html                             [39m[1m[2m    1.47 kB[22m[1m[22m[2m │ gzip:   0.61 kB[22m
[2mdist/[22m[2massets/[22m[32mparticleDataWorker-DPzLvsrj.js  [39m[1m[2m  317.34 kB[22m[1m[22m
[2mdist/[22m[2massets/[22m[35mindex-CxlN7KAK.css              [39m[1m[2m   55.90 kB[22m[1m[22m[2m │ gzip:   9.09 kB[22m
[2mdist/[22m[2massets/[22m[36mr3f-utils-CTMO063R.js           [39m[1m[2m    5.06 kB[22m[1m[22m[2m │ gzip:   2.18 kB[22m
[2mdist/[22m[2massets/[22m[36mvendor-CPFBa1pW.js              [39m[1m[2m   97.39 kB[22m[1m[22m[2m │ gzip:  30.23 kB[22m
[2mdist/[22m[2massets/[22m[36mr3f-drei-e-bRlMi9.js            [39m[1m[2m  124.61 kB[22m[1m[22m[2m │ gzip:  31.22 kB[22m
[2mdist/[22m[2massets/[22m[36mr3f-fiber-VPVUgy0m.js           [39m[1m[2m  125.71 kB[22m[1m[22m[2m │ gzip:  41.00 kB[22m
[2mdist/[22m[2massets/[22m[36mreact-vendor-BPHjN4FN.js        [39m[1m[2m  178.50 kB[22m[1m[22m[2m │ gzip:  53.03 kB[22m
[2mdist/[22m[2massets/[22m[36mthree-core-CRqydIZK.js          [39m[1m[2m  675.03 kB[22m[1m[22m[2m │ gzip: 174.99 kB[22m
[2mdist/[22m[2massets/[22m[36mindex-_21j54FJ.js               [39m[1m[33m1,415.65 kB[39m[22m[2m │ gzip: 302.69 kB[22m
[33m
(!) Some chunks are larger than 700 kB after minification. Consider:
- Using dynamic import() to code-split the application
- Use build.rollupOptions.output.manualChunks to improve chunking: https://rollupjs.org/configuration-options/#output-manualchunks
- Adjust chunk size limit for this warning via build.chunkSizeWarningLimit.[39m
[32m✓ built in 12.13s[39m
